CRITICAL - 2023-12-09 04:21:35 --> Attempt to read property "id" on null
in APPPATH\Controllers\MainController.php on line 35.
 1 APPPATH\Controllers\MainController.php(35): CodeIgniter\Debug\Exceptions->errorHandler(2, 'Attempt to read property "id" on null', 'C:\\laragon\\www\\finalbe\\app\\Controllers\\MainController.php', 35)
 2 SYSTEMPATH\CodeIgniter.php(919): App\Controllers\MainController->unlistProduct()
 3 SYSTEMPATH\CodeIgniter.php(494): CodeIgniter\CodeIgniter->runController(Object(App\Controllers\MainController))
 4 SYSTEMPATH\CodeIgniter.php(353): CodeIgniter\CodeIgniter->handleRequest(null, Object(Config\Cache), false)
 5 FCPATH\index.php(87): CodeIgniter\CodeIgniter->run()
CRITICAL - 2023-12-09 04:21:43 --> Attempt to read property "id" on null
in APPPATH\Controllers\MainController.php on line 35.
 1 APPPATH\Controllers\MainController.php(35): CodeIgniter\Debug\Exceptions->errorHandler(2, 'Attempt to read property "id" on null', 'C:\\laragon\\www\\finalbe\\app\\Controllers\\MainController.php', 35)
 2 SYSTEMPATH\CodeIgniter.php(919): App\Controllers\MainController->unlistProduct()
 3 SYSTEMPATH\CodeIgniter.php(494): CodeIgniter\CodeIgniter->runController(Object(App\Controllers\MainController))
 4 SYSTEMPATH\CodeIgniter.php(353): CodeIgniter\CodeIgniter->handleRequest(null, Object(Config\Cache), false)
 5 FCPATH\index.php(87): CodeIgniter\CodeIgniter->run()
CRITICAL - 2023-12-09 04:40:28 --> Attempt to read property "id" on null
in APPPATH\Controllers\MainController.php on line 35.
 1 APPPATH\Controllers\MainController.php(35): CodeIgniter\Debug\Exceptions->errorHandler(2, 'Attempt to read property "id" on null', 'C:\\laragon\\www\\finalbe\\app\\Controllers\\MainController.php', 35)
 2 SYSTEMPATH\CodeIgniter.php(919): App\Controllers\MainController->unlistProduct()
 3 SYSTEMPATH\CodeIgniter.php(494): CodeIgniter\CodeIgniter->runController(Object(App\Controllers\MainController))
 4 SYSTEMPATH\CodeIgniter.php(353): CodeIgniter\CodeIgniter->handleRequest(null, Object(Config\Cache), false)
 5 FCPATH\index.php(87): CodeIgniter\CodeIgniter->run()
CRITICAL - 2023-12-09 06:29:41 --> Attempt to read property "id" on null
in APPPATH\Controllers\MainController.php on line 35.
 1 APPPATH\Controllers\MainController.php(35): CodeIgniter\Debug\Exceptions->errorHandler(2, 'Attempt to read property "id" on null', 'C:\\laragon\\www\\finalbe\\app\\Controllers\\MainController.php', 35)
 2 SYSTEMPATH\CodeIgniter.php(919): App\Controllers\MainController->unlistProduct()
 3 SYSTEMPATH\CodeIgniter.php(494): CodeIgniter\CodeIgniter->runController(Object(App\Controllers\MainController))
 4 SYSTEMPATH\CodeIgniter.php(353): CodeIgniter\CodeIgniter->handleRequest(null, Object(Config\Cache), false)
 5 FCPATH\index.php(87): CodeIgniter\CodeIgniter->run()
