ERROR - 2023-12-17 00:16:31 --> mysqli_sql_exception: Unknown column 'account.acc_id' in 'on clause' in C:\laragon\www\finalbe\system\Database\MySQLi\Connection.php:306
Stack trace:
#0 C:\laragon\www\finalbe\system\Database\MySQLi\Connection.php(306): mysqli->query('SELECT *, CONCA...', 0)
#1 C:\laragon\www\finalbe\system\Database\BaseConnection.php(693): CodeIgniter\Database\MySQLi\Connection->execute('SELECT *, CONCA...')
#2 C:\laragon\www\finalbe\system\Database\BaseConnection.php(607): CodeIgniter\Database\BaseConnection->simpleQuery('SELECT *, CONCA...')
#3 C:\laragon\www\finalbe\system\Database\BaseBuilder.php(1615): CodeIgniter\Database\BaseConnection->query('SELECT *, CONCA...', Array, false)
#4 C:\laragon\www\finalbe\system\Model.php(199): CodeIgniter\Database\BaseBuilder->get()
#5 C:\laragon\www\finalbe\system\BaseModel.php(563): CodeIgniter\Model->doFind(false, NULL)
#6 C:\laragon\www\finalbe\app\Controllers\MainController.php(130): CodeIgniter\BaseModel->find()
#7 C:\laragon\www\finalbe\system\CodeIgniter.php(942): App\Controllers\MainController->getClientList()
#8 C:\laragon\www\finalbe\system\CodeIgniter.php(502): CodeIgniter\CodeIgniter->runController(Object(App\Controllers\MainController))
#9 C:\laragon\www\finalbe\system\CodeIgniter.php(361): CodeIgniter\CodeIgniter->handleRequest(NULL, Object(Config\Cache), false)
#10 C:\laragon\www\finalbe\public\index.php(86): CodeIgniter\CodeIgniter->run()
#11 {main}
CRITICAL - 2023-12-17 00:16:31 --> Unknown column 'account.acc_id' in 'on clause'
in SYSTEMPATH\Database\BaseConnection.php on line 647.
 1 SYSTEMPATH\Database\BaseBuilder.php(1615): CodeIgniter\Database\BaseConnection->query('SELECT *, CONCAT(account.fname, " ", account.lname) as name, CONCAT(account.barangay, ", ", account.city) as address
FROM `account`
JOIN `purchase` ON `account`.`acc_id` = `purchase`.`id`', [], false)
 2 SYSTEMPATH\Model.php(199): CodeIgniter\Database\BaseBuilder->get()
 3 SYSTEMPATH\BaseModel.php(563): CodeIgniter\Model->doFind(false, null)
 4 APPPATH\Controllers\MainController.php(130): CodeIgniter\BaseModel->find()
 5 SYSTEMPATH\CodeIgniter.php(942): App\Controllers\MainController->getClientList()
 6 SYSTEMPATH\CodeIgniter.php(502): CodeIgniter\CodeIgniter->runController(Object(App\Controllers\MainController))
 7 SYSTEMPATH\CodeIgniter.php(361): CodeIgniter\CodeIgniter->handleRequest(null, Object(Config\Cache), false)
 8 FCPATH\index.php(86): CodeIgniter\CodeIgniter->run()
ERROR - 2023-12-17 00:18:11 --> mysqli_sql_exception: Unknown column 'account.acc_id' in 'field list' in C:\laragon\www\finalbe\system\Database\MySQLi\Connection.php:306
Stack trace:
#0 C:\laragon\www\finalbe\system\Database\MySQLi\Connection.php(306): mysqli->query('SELECT *, CONCA...', 0)
#1 C:\laragon\www\finalbe\system\Database\BaseConnection.php(693): CodeIgniter\Database\MySQLi\Connection->execute('SELECT *, CONCA...')
#2 C:\laragon\www\finalbe\system\Database\BaseConnection.php(607): CodeIgniter\Database\BaseConnection->simpleQuery('SELECT *, CONCA...')
#3 C:\laragon\www\finalbe\system\Database\BaseBuilder.php(1615): CodeIgniter\Database\BaseConnection->query('SELECT *, CONCA...', Array, false)
#4 C:\laragon\www\finalbe\system\Model.php(199): CodeIgniter\Database\BaseBuilder->get()
#5 C:\laragon\www\finalbe\system\BaseModel.php(563): CodeIgniter\Model->doFind(false, NULL)
#6 C:\laragon\www\finalbe\app\Controllers\MainController.php(130): CodeIgniter\BaseModel->find()
#7 C:\laragon\www\finalbe\system\CodeIgniter.php(942): App\Controllers\MainController->getClientList()
#8 C:\laragon\www\finalbe\system\CodeIgniter.php(502): CodeIgniter\CodeIgniter->runController(Object(App\Controllers\MainController))
#9 C:\laragon\www\finalbe\system\CodeIgniter.php(361): CodeIgniter\CodeIgniter->handleRequest(NULL, Object(Config\Cache), false)
#10 C:\laragon\www\finalbe\public\index.php(86): CodeIgniter\CodeIgniter->run()
#11 {main}
CRITICAL - 2023-12-17 00:18:11 --> Unknown column 'account.acc_id' in 'field list'
in SYSTEMPATH\Database\BaseConnection.php on line 647.
 1 SYSTEMPATH\Database\BaseBuilder.php(1615): CodeIgniter\Database\BaseConnection->query('SELECT *, CONCAT(account.fname, " ", account.lname) as name, CONCAT(account.barangay, ", ", account.city) as address, `account`.`acc_id`
FROM `account`
JOIN `purchase` ON `account`.`id` = `purchase`.`acc_id`', [], false)
 2 SYSTEMPATH\Model.php(199): CodeIgniter\Database\BaseBuilder->get()
 3 SYSTEMPATH\BaseModel.php(563): CodeIgniter\Model->doFind(false, null)
 4 APPPATH\Controllers\MainController.php(130): CodeIgniter\BaseModel->find()
 5 SYSTEMPATH\CodeIgniter.php(942): App\Controllers\MainController->getClientList()
 6 SYSTEMPATH\CodeIgniter.php(502): CodeIgniter\CodeIgniter->runController(Object(App\Controllers\MainController))
 7 SYSTEMPATH\CodeIgniter.php(361): CodeIgniter\CodeIgniter->handleRequest(null, Object(Config\Cache), false)
 8 FCPATH\index.php(86): CodeIgniter\CodeIgniter->run()
ERROR - 2023-12-17 00:18:12 --> mysqli_sql_exception: Unknown column 'account.acc_id' in 'field list' in C:\laragon\www\finalbe\system\Database\MySQLi\Connection.php:306
Stack trace:
#0 C:\laragon\www\finalbe\system\Database\MySQLi\Connection.php(306): mysqli->query('SELECT *, CONCA...', 0)
#1 C:\laragon\www\finalbe\system\Database\BaseConnection.php(693): CodeIgniter\Database\MySQLi\Connection->execute('SELECT *, CONCA...')
#2 C:\laragon\www\finalbe\system\Database\BaseConnection.php(607): CodeIgniter\Database\BaseConnection->simpleQuery('SELECT *, CONCA...')
#3 C:\laragon\www\finalbe\system\Database\BaseBuilder.php(1615): CodeIgniter\Database\BaseConnection->query('SELECT *, CONCA...', Array, false)
#4 C:\laragon\www\finalbe\system\Model.php(199): CodeIgniter\Database\BaseBuilder->get()
#5 C:\laragon\www\finalbe\system\BaseModel.php(563): CodeIgniter\Model->doFind(false, NULL)
#6 C:\laragon\www\finalbe\app\Controllers\MainController.php(130): CodeIgniter\BaseModel->find()
#7 C:\laragon\www\finalbe\system\CodeIgniter.php(942): App\Controllers\MainController->getClientList()
#8 C:\laragon\www\finalbe\system\CodeIgniter.php(502): CodeIgniter\CodeIgniter->runController(Object(App\Controllers\MainController))
#9 C:\laragon\www\finalbe\system\CodeIgniter.php(361): CodeIgniter\CodeIgniter->handleRequest(NULL, Object(Config\Cache), false)
#10 C:\laragon\www\finalbe\public\index.php(86): CodeIgniter\CodeIgniter->run()
#11 {main}
CRITICAL - 2023-12-17 00:18:12 --> Unknown column 'account.acc_id' in 'field list'
in SYSTEMPATH\Database\BaseConnection.php on line 647.
 1 SYSTEMPATH\Database\BaseBuilder.php(1615): CodeIgniter\Database\BaseConnection->query('SELECT *, CONCAT(account.fname, " ", account.lname) as name, CONCAT(account.barangay, ", ", account.city) as address, `account`.`acc_id`
FROM `account`
JOIN `purchase` ON `account`.`id` = `purchase`.`acc_id`', [], false)
 2 SYSTEMPATH\Model.php(199): CodeIgniter\Database\BaseBuilder->get()
 3 SYSTEMPATH\BaseModel.php(563): CodeIgniter\Model->doFind(false, null)
 4 APPPATH\Controllers\MainController.php(130): CodeIgniter\BaseModel->find()
 5 SYSTEMPATH\CodeIgniter.php(942): App\Controllers\MainController->getClientList()
 6 SYSTEMPATH\CodeIgniter.php(502): CodeIgniter\CodeIgniter->runController(Object(App\Controllers\MainController))
 7 SYSTEMPATH\CodeIgniter.php(361): CodeIgniter\CodeIgniter->handleRequest(null, Object(Config\Cache), false)
 8 FCPATH\index.php(86): CodeIgniter\CodeIgniter->run()
CRITICAL - 2023-12-17 05:55:06 --> Unclosed '[' does not match ')'
in APPPATH\Controllers\MainController.php on line 151.
 1 SYSTEMPATH\Autoloader\Autoloader.php(291): CodeIgniter\Autoloader\Autoloader->includeFile('C:\\laragon\\www\\finalbe\\app\\Controllers\\MainController.php')
 2 SYSTEMPATH\Autoloader\Autoloader.php(269): CodeIgniter\Autoloader\Autoloader->loadInNamespace('App\\Controllers\\MainController')
 3 [internal function]: CodeIgniter\Autoloader\Autoloader->loadClass('App\\Controllers\\MainController')
 4 SYSTEMPATH\CodeIgniter.php(900): class_exists('\\App\\Controllers\\MainController', true)
 5 SYSTEMPATH\CodeIgniter.php(489): CodeIgniter\CodeIgniter->startController()
 6 SYSTEMPATH\CodeIgniter.php(361): CodeIgniter\CodeIgniter->handleRequest(null, Object(Config\Cache), false)
 7 FCPATH\index.php(86): CodeIgniter\CodeIgniter->run()
CRITICAL - 2023-12-17 05:55:21 --> Unclosed '[' does not match ')'
in APPPATH\Controllers\MainController.php on line 151.
 1 SYSTEMPATH\Autoloader\Autoloader.php(291): CodeIgniter\Autoloader\Autoloader->includeFile('C:\\laragon\\www\\finalbe\\app\\Controllers\\MainController.php')
 2 SYSTEMPATH\Autoloader\Autoloader.php(269): CodeIgniter\Autoloader\Autoloader->loadInNamespace('App\\Controllers\\MainController')
 3 [internal function]: CodeIgniter\Autoloader\Autoloader->loadClass('App\\Controllers\\MainController')
 4 SYSTEMPATH\CodeIgniter.php(900): class_exists('\\App\\Controllers\\MainController', true)
 5 SYSTEMPATH\CodeIgniter.php(489): CodeIgniter\CodeIgniter->startController()
 6 SYSTEMPATH\CodeIgniter.php(361): CodeIgniter\CodeIgniter->handleRequest(null, Object(Config\Cache), false)
 7 FCPATH\index.php(86): CodeIgniter\CodeIgniter->run()
CRITICAL - 2023-12-17 05:55:24 --> Unclosed '[' does not match ')'
in APPPATH\Controllers\MainController.php on line 151.
 1 SYSTEMPATH\Autoloader\Autoloader.php(291): CodeIgniter\Autoloader\Autoloader->includeFile('C:\\laragon\\www\\finalbe\\app\\Controllers\\MainController.php')
 2 SYSTEMPATH\Autoloader\Autoloader.php(269): CodeIgniter\Autoloader\Autoloader->loadInNamespace('App\\Controllers\\MainController')
 3 [internal function]: CodeIgniter\Autoloader\Autoloader->loadClass('App\\Controllers\\MainController')
 4 SYSTEMPATH\CodeIgniter.php(900): class_exists('\\App\\Controllers\\MainController', true)
 5 SYSTEMPATH\CodeIgniter.php(489): CodeIgniter\CodeIgniter->startController()
 6 SYSTEMPATH\CodeIgniter.php(361): CodeIgniter\CodeIgniter->handleRequest(null, Object(Config\Cache), false)
 7 FCPATH\index.php(86): CodeIgniter\CodeIgniter->run()
CRITICAL - 2023-12-17 05:56:42 --> Unclosed '[' does not match ')'
in APPPATH\Controllers\MainController.php on line 151.
 1 SYSTEMPATH\Autoloader\Autoloader.php(291): CodeIgniter\Autoloader\Autoloader->includeFile('C:\\laragon\\www\\finalbe\\app\\Controllers\\MainController.php')
 2 SYSTEMPATH\Autoloader\Autoloader.php(269): CodeIgniter\Autoloader\Autoloader->loadInNamespace('App\\Controllers\\MainController')
 3 [internal function]: CodeIgniter\Autoloader\Autoloader->loadClass('App\\Controllers\\MainController')
 4 SYSTEMPATH\CodeIgniter.php(900): class_exists('\\App\\Controllers\\MainController', true)
 5 SYSTEMPATH\CodeIgniter.php(489): CodeIgniter\CodeIgniter->startController()
 6 SYSTEMPATH\CodeIgniter.php(361): CodeIgniter\CodeIgniter->handleRequest(null, Object(Config\Cache), false)
 7 FCPATH\index.php(86): CodeIgniter\CodeIgniter->run()
CRITICAL - 2023-12-17 05:56:48 --> Unclosed '[' does not match ')'
in APPPATH\Controllers\MainController.php on line 151.
 1 SYSTEMPATH\Autoloader\Autoloader.php(291): CodeIgniter\Autoloader\Autoloader->includeFile('C:\\laragon\\www\\finalbe\\app\\Controllers\\MainController.php')
 2 SYSTEMPATH\Autoloader\Autoloader.php(269): CodeIgniter\Autoloader\Autoloader->loadInNamespace('App\\Controllers\\MainController')
 3 [internal function]: CodeIgniter\Autoloader\Autoloader->loadClass('App\\Controllers\\MainController')
 4 SYSTEMPATH\CodeIgniter.php(900): class_exists('\\App\\Controllers\\MainController', true)
 5 SYSTEMPATH\CodeIgniter.php(489): CodeIgniter\CodeIgniter->startController()
 6 SYSTEMPATH\CodeIgniter.php(361): CodeIgniter\CodeIgniter->handleRequest(null, Object(Config\Cache), false)
 7 FCPATH\index.php(86): CodeIgniter\CodeIgniter->run()
CRITICAL - 2023-12-17 07:09:07 --> Unclosed '[' does not match ')'
in APPPATH\Controllers\MainController.php on line 151.
 1 SYSTEMPATH\Autoloader\Autoloader.php(291): CodeIgniter\Autoloader\Autoloader->includeFile('C:\\laragon\\www\\finalbe\\app\\Controllers\\MainController.php')
 2 SYSTEMPATH\Autoloader\Autoloader.php(269): CodeIgniter\Autoloader\Autoloader->loadInNamespace('App\\Controllers\\MainController')
 3 [internal function]: CodeIgniter\Autoloader\Autoloader->loadClass('App\\Controllers\\MainController')
 4 SYSTEMPATH\CodeIgniter.php(900): class_exists('\\App\\Controllers\\MainController', true)
 5 SYSTEMPATH\CodeIgniter.php(489): CodeIgniter\CodeIgniter->startController()
 6 SYSTEMPATH\CodeIgniter.php(361): CodeIgniter\CodeIgniter->handleRequest(null, Object(Config\Cache), false)
 7 FCPATH\index.php(86): CodeIgniter\CodeIgniter->run()
CRITICAL - 2023-12-17 07:24:33 --> Unclosed '[' does not match ')'
in APPPATH\Controllers\MainController.php on line 151.
 1 SYSTEMPATH\Autoloader\Autoloader.php(291): CodeIgniter\Autoloader\Autoloader->includeFile('C:\\laragon\\www\\finalbe\\app\\Controllers\\MainController.php')
 2 SYSTEMPATH\Autoloader\Autoloader.php(269): CodeIgniter\Autoloader\Autoloader->loadInNamespace('App\\Controllers\\MainController')
 3 [internal function]: CodeIgniter\Autoloader\Autoloader->loadClass('App\\Controllers\\MainController')
 4 SYSTEMPATH\CodeIgniter.php(900): class_exists('\\App\\Controllers\\MainController', true)
 5 SYSTEMPATH\CodeIgniter.php(489): CodeIgniter\CodeIgniter->startController()
 6 SYSTEMPATH\CodeIgniter.php(361): CodeIgniter\CodeIgniter->handleRequest(null, Object(Config\Cache), false)
 7 FCPATH\index.php(86): CodeIgniter\CodeIgniter->run()
CRITICAL - 2023-12-17 07:26:53 --> Unclosed '[' does not match ')'
in APPPATH\Controllers\MainController.php on line 151.
 1 SYSTEMPATH\Autoloader\Autoloader.php(291): CodeIgniter\Autoloader\Autoloader->includeFile('C:\\laragon\\www\\finalbe\\app\\Controllers\\MainController.php')
 2 SYSTEMPATH\Autoloader\Autoloader.php(269): CodeIgniter\Autoloader\Autoloader->loadInNamespace('App\\Controllers\\MainController')
 3 [internal function]: CodeIgniter\Autoloader\Autoloader->loadClass('App\\Controllers\\MainController')
 4 SYSTEMPATH\CodeIgniter.php(900): class_exists('\\App\\Controllers\\MainController', true)
 5 SYSTEMPATH\CodeIgniter.php(489): CodeIgniter\CodeIgniter->startController()
 6 SYSTEMPATH\CodeIgniter.php(361): CodeIgniter\CodeIgniter->handleRequest(null, Object(Config\Cache), false)
 7 FCPATH\index.php(86): CodeIgniter\CodeIgniter->run()
CRITICAL - 2023-12-17 07:28:19 --> Unclosed '[' does not match ')'
in APPPATH\Controllers\MainController.php on line 151.
 1 SYSTEMPATH\Autoloader\Autoloader.php(291): CodeIgniter\Autoloader\Autoloader->includeFile('C:\\laragon\\www\\finalbe\\app\\Controllers\\MainController.php')
 2 SYSTEMPATH\Autoloader\Autoloader.php(269): CodeIgniter\Autoloader\Autoloader->loadInNamespace('App\\Controllers\\MainController')
 3 [internal function]: CodeIgniter\Autoloader\Autoloader->loadClass('App\\Controllers\\MainController')
 4 SYSTEMPATH\CodeIgniter.php(900): class_exists('\\App\\Controllers\\MainController', true)
 5 SYSTEMPATH\CodeIgniter.php(489): CodeIgniter\CodeIgniter->startController()
 6 SYSTEMPATH\CodeIgniter.php(361): CodeIgniter\CodeIgniter->handleRequest(null, Object(Config\Cache), false)
 7 FCPATH\index.php(86): CodeIgniter\CodeIgniter->run()
CRITICAL - 2023-12-17 07:28:21 --> Unclosed '[' does not match ')'
in APPPATH\Controllers\MainController.php on line 151.
 1 SYSTEMPATH\Autoloader\Autoloader.php(291): CodeIgniter\Autoloader\Autoloader->includeFile('C:\\laragon\\www\\finalbe\\app\\Controllers\\MainController.php')
 2 SYSTEMPATH\Autoloader\Autoloader.php(269): CodeIgniter\Autoloader\Autoloader->loadInNamespace('App\\Controllers\\MainController')
 3 [internal function]: CodeIgniter\Autoloader\Autoloader->loadClass('App\\Controllers\\MainController')
 4 SYSTEMPATH\CodeIgniter.php(900): class_exists('\\App\\Controllers\\MainController', true)
 5 SYSTEMPATH\CodeIgniter.php(489): CodeIgniter\CodeIgniter->startController()
 6 SYSTEMPATH\CodeIgniter.php(361): CodeIgniter\CodeIgniter->handleRequest(null, Object(Config\Cache), false)
 7 FCPATH\index.php(86): CodeIgniter\CodeIgniter->run()
CRITICAL - 2023-12-17 07:29:02 --> Unclosed '[' does not match ')'
in APPPATH\Controllers\MainController.php on line 151.
 1 SYSTEMPATH\Autoloader\Autoloader.php(291): CodeIgniter\Autoloader\Autoloader->includeFile('C:\\laragon\\www\\finalbe\\app\\Controllers\\MainController.php')
 2 SYSTEMPATH\Autoloader\Autoloader.php(269): CodeIgniter\Autoloader\Autoloader->loadInNamespace('App\\Controllers\\MainController')
 3 [internal function]: CodeIgniter\Autoloader\Autoloader->loadClass('App\\Controllers\\MainController')
 4 SYSTEMPATH\CodeIgniter.php(900): class_exists('\\App\\Controllers\\MainController', true)
 5 SYSTEMPATH\CodeIgniter.php(489): CodeIgniter\CodeIgniter->startController()
 6 SYSTEMPATH\CodeIgniter.php(361): CodeIgniter\CodeIgniter->handleRequest(null, Object(Config\Cache), false)
 7 FCPATH\index.php(86): CodeIgniter\CodeIgniter->run()
CRITICAL - 2023-12-17 07:29:11 --> Unclosed '[' does not match ')'
in APPPATH\Controllers\MainController.php on line 151.
 1 SYSTEMPATH\Autoloader\Autoloader.php(291): CodeIgniter\Autoloader\Autoloader->includeFile('C:\\laragon\\www\\finalbe\\app\\Controllers\\MainController.php')
 2 SYSTEMPATH\Autoloader\Autoloader.php(269): CodeIgniter\Autoloader\Autoloader->loadInNamespace('App\\Controllers\\MainController')
 3 [internal function]: CodeIgniter\Autoloader\Autoloader->loadClass('App\\Controllers\\MainController')
 4 SYSTEMPATH\CodeIgniter.php(900): class_exists('\\App\\Controllers\\MainController', true)
 5 SYSTEMPATH\CodeIgniter.php(489): CodeIgniter\CodeIgniter->startController()
 6 SYSTEMPATH\CodeIgniter.php(361): CodeIgniter\CodeIgniter->handleRequest(null, Object(Config\Cache), false)
 7 FCPATH\index.php(86): CodeIgniter\CodeIgniter->run()
CRITICAL - 2023-12-17 07:29:12 --> Unclosed '[' does not match ')'
in APPPATH\Controllers\MainController.php on line 151.
 1 SYSTEMPATH\Autoloader\Autoloader.php(291): CodeIgniter\Autoloader\Autoloader->includeFile('C:\\laragon\\www\\finalbe\\app\\Controllers\\MainController.php')
 2 SYSTEMPATH\Autoloader\Autoloader.php(269): CodeIgniter\Autoloader\Autoloader->loadInNamespace('App\\Controllers\\MainController')
 3 [internal function]: CodeIgniter\Autoloader\Autoloader->loadClass('App\\Controllers\\MainController')
 4 SYSTEMPATH\CodeIgniter.php(900): class_exists('\\App\\Controllers\\MainController', true)
 5 SYSTEMPATH\CodeIgniter.php(489): CodeIgniter\CodeIgniter->startController()
 6 SYSTEMPATH\CodeIgniter.php(361): CodeIgniter\CodeIgniter->handleRequest(null, Object(Config\Cache), false)
 7 FCPATH\index.php(86): CodeIgniter\CodeIgniter->run()
CRITICAL - 2023-12-17 07:29:13 --> Unclosed '[' does not match ')'
in APPPATH\Controllers\MainController.php on line 151.
 1 SYSTEMPATH\Autoloader\Autoloader.php(291): CodeIgniter\Autoloader\Autoloader->includeFile('C:\\laragon\\www\\finalbe\\app\\Controllers\\MainController.php')
 2 SYSTEMPATH\Autoloader\Autoloader.php(269): CodeIgniter\Autoloader\Autoloader->loadInNamespace('App\\Controllers\\MainController')
 3 [internal function]: CodeIgniter\Autoloader\Autoloader->loadClass('App\\Controllers\\MainController')
 4 SYSTEMPATH\CodeIgniter.php(900): class_exists('\\App\\Controllers\\MainController', true)
 5 SYSTEMPATH\CodeIgniter.php(489): CodeIgniter\CodeIgniter->startController()
 6 SYSTEMPATH\CodeIgniter.php(361): CodeIgniter\CodeIgniter->handleRequest(null, Object(Config\Cache), false)
 7 FCPATH\index.php(86): CodeIgniter\CodeIgniter->run()
CRITICAL - 2023-12-17 07:32:11 --> Unclosed '[' does not match ')'
in APPPATH\Controllers\MainController.php on line 151.
 1 SYSTEMPATH\Autoloader\Autoloader.php(291): CodeIgniter\Autoloader\Autoloader->includeFile('C:\\laragon\\www\\finalbe\\app\\Controllers\\MainController.php')
 2 SYSTEMPATH\Autoloader\Autoloader.php(269): CodeIgniter\Autoloader\Autoloader->loadInNamespace('App\\Controllers\\MainController')
 3 [internal function]: CodeIgniter\Autoloader\Autoloader->loadClass('App\\Controllers\\MainController')
 4 SYSTEMPATH\CodeIgniter.php(900): class_exists('\\App\\Controllers\\MainController', true)
 5 SYSTEMPATH\CodeIgniter.php(489): CodeIgniter\CodeIgniter->startController()
 6 SYSTEMPATH\CodeIgniter.php(361): CodeIgniter\CodeIgniter->handleRequest(null, Object(Config\Cache), false)
 7 FCPATH\index.php(86): CodeIgniter\CodeIgniter->run()
